0 info it worked if it ends with ok
1 verbose cli [ '/Users/DanielGraaf/.nvm/versions/node/v6.7.0/bin/node',
1 verbose cli   '/Users/DanielGraaf/.nvm/versions/node/v6.7.0/bin/npm',
1 verbose cli   'install',
1 verbose cli   '--save',
1 verbose cli   'tesseract' ]
2 info using npm@3.10.3
3 info using node@v6.7.0
4 silly loadCurrentTree Starting
5 silly install loadCurrentTree
6 silly install readLocalPackageData
7 silly fetchPackageMetaData tesseract
8 silly fetchNamedPackageData tesseract
9 silly mapToRegistry name tesseract
10 silly mapToRegistry using default registry
11 silly mapToRegistry registry https://registry.npmjs.org/
12 silly mapToRegistry data Result {
12 silly mapToRegistry   raw: 'tesseract',
12 silly mapToRegistry   scope: null,
12 silly mapToRegistry   escapedName: 'tesseract',
12 silly mapToRegistry   name: 'tesseract',
12 silly mapToRegistry   rawSpec: '',
12 silly mapToRegistry   spec: 'latest',
12 silly mapToRegistry   type: 'tag' }
13 silly mapToRegistry uri https://registry.npmjs.org/tesseract
14 verbose request uri https://registry.npmjs.org/tesseract
15 verbose request no auth needed
16 info attempt registry request try #1 at 9:35:04 PM
17 verbose request id 6a905b36e51a0934
18 http request GET https://registry.npmjs.org/tesseract
19 http 200 https://registry.npmjs.org/tesseract
20 verbose headers { server: 'CouchDB/1.6.1 (Erlang OTP/R16B03)',
20 verbose headers   etag: '"87YPWHZEETW46F9GZQQISGGDA"',
20 verbose headers   'content-type': 'application/json',
20 verbose headers   'content-encoding': 'gzip',
20 verbose headers   'cache-control': 'max-age=300',
20 verbose headers   'content-length': '1696',
20 verbose headers   'accept-ranges': 'bytes',
20 verbose headers   date: 'Wed, 12 Oct 2016 20:35:06 GMT',
20 verbose headers   via: '1.1 varnish',
20 verbose headers   age: '0',
20 verbose headers   connection: 'keep-alive',
20 verbose headers   'x-served-by': 'cache-lhr6336-LHR',
20 verbose headers   'x-cache': 'MISS',
20 verbose headers   'x-cache-hits': '0',
20 verbose headers   'x-timer': 'S1476304505.472876,VS0,VE694',
20 verbose headers   vary: 'Accept-Encoding' }
21 silly get cb [ 200,
21 silly get   { server: 'CouchDB/1.6.1 (Erlang OTP/R16B03)',
21 silly get     etag: '"87YPWHZEETW46F9GZQQISGGDA"',
21 silly get     'content-type': 'application/json',
21 silly get     'content-encoding': 'gzip',
21 silly get     'cache-control': 'max-age=300',
21 silly get     'content-length': '1696',
21 silly get     'accept-ranges': 'bytes',
21 silly get     date: 'Wed, 12 Oct 2016 20:35:06 GMT',
21 silly get     via: '1.1 varnish',
21 silly get     age: '0',
21 silly get     connection: 'keep-alive',
21 silly get     'x-served-by': 'cache-lhr6336-LHR',
21 silly get     'x-cache': 'MISS',
21 silly get     'x-cache-hits': '0',
21 silly get     'x-timer': 'S1476304505.472876,VS0,VE694',
21 silly get     vary: 'Accept-Encoding' } ]
22 verbose get saving tesseract to /Users/DanielGraaf/.npm/registry.npmjs.org/tesseract/.cache.json
23 verbose correctMkdir /Users/DanielGraaf/.npm correctMkdir not in flight; initializing
24 silly install normalizeTree
25 silly loadCurrentTree Finishing
26 silly loadIdealTree Starting
27 silly install loadIdealTree
28 silly cloneCurrentTree Starting
29 silly install cloneCurrentTreeToIdealTree
30 silly cloneCurrentTree Finishing
31 silly loadShrinkwrap Starting
32 silly install loadShrinkwrap
33 silly loadShrinkwrap Finishing
34 silly loadAllDepsIntoIdealTree Starting
35 silly install loadAllDepsIntoIdealTree
36 silly resolveWithNewModule tesseract@0.0.3 checking installable status
37 silly cache add args [ 'tesseract', null ]
38 verbose cache add spec tesseract
39 silly cache add parsed spec Result {
39 silly cache add   raw: 'tesseract',
39 silly cache add   scope: null,
39 silly cache add   escapedName: 'tesseract',
39 silly cache add   name: 'tesseract',
39 silly cache add   rawSpec: '',
39 silly cache add   spec: 'latest',
39 silly cache add   type: 'tag' }
40 silly addNamed tesseract@latest
41 verbose addNamed "latest" is being treated as a dist-tag for tesseract
42 info addNameTag [ 'tesseract', 'latest' ]
43 silly mapToRegistry name tesseract
44 silly mapToRegistry using default registry
45 silly mapToRegistry registry https://registry.npmjs.org/
46 silly mapToRegistry data Result {
46 silly mapToRegistry   raw: 'tesseract',
46 silly mapToRegistry   scope: null,
46 silly mapToRegistry   escapedName: 'tesseract',
46 silly mapToRegistry   name: 'tesseract',
46 silly mapToRegistry   rawSpec: '',
46 silly mapToRegistry   spec: 'latest',
46 silly mapToRegistry   type: 'tag' }
47 silly mapToRegistry uri https://registry.npmjs.org/tesseract
48 verbose addNameTag registry:https://registry.npmjs.org/tesseract not in flight; fetching
49 verbose get https://registry.npmjs.org/tesseract not expired, no request
50 silly addNameTag next cb for tesseract with tag latest
51 silly addNamed tesseract@0.0.3
52 verbose addNamed "0.0.3" is a plain semver version for tesseract
53 silly mapToRegistry name tesseract
54 silly mapToRegistry using default registry
55 silly mapToRegistry registry https://registry.npmjs.org/
56 silly mapToRegistry data Result {
56 silly mapToRegistry   raw: 'tesseract',
56 silly mapToRegistry   scope: null,
56 silly mapToRegistry   escapedName: 'tesseract',
56 silly mapToRegistry   name: 'tesseract',
56 silly mapToRegistry   rawSpec: '',
56 silly mapToRegistry   spec: 'latest',
56 silly mapToRegistry   type: 'tag' }
57 silly mapToRegistry uri https://registry.npmjs.org/tesseract
58 verbose addRemoteTarball https://registry.npmjs.org/tesseract/-/tesseract-0.0.3.tgz not in flight; adding
59 verbose addRemoteTarball [ 'https://registry.npmjs.org/tesseract/-/tesseract-0.0.3.tgz',
59 verbose addRemoteTarball   'ff4b9d05bfee0d90d3d93450e8c6606954ff362c' ]
60 info retry fetch attempt 1 at 9:35:06 PM
61 info attempt registry request try #1 at 9:35:06 PM
62 http fetch GET https://registry.npmjs.org/tesseract/-/tesseract-0.0.3.tgz
63 http fetch 200 https://registry.npmjs.org/tesseract/-/tesseract-0.0.3.tgz
64 silly fetchAndShaCheck shasum ff4b9d05bfee0d90d3d93450e8c6606954ff362c
65 verbose addTmpTarball /var/folders/rx/6x3brjcd26168n_83lpqdps40000gn/T/npm-1044-4d072e3e/registry.npmjs.org/tesseract/-/tesseract-0.0.3.tgz not in flight; adding
66 verbose addTmpTarball already have metadata; skipping unpack for tesseract@0.0.3
67 verbose correctMkdir /Users/DanielGraaf/.npm correctMkdir not in flight; initializing
68 silly cache afterAdd tesseract@0.0.3
69 verbose afterAdd /Users/DanielGraaf/.npm/tesseract/0.0.3/package/package.json not in flight; writing
70 verbose correctMkdir /Users/DanielGraaf/.npm correctMkdir not in flight; initializing
71 verbose afterAdd /Users/DanielGraaf/.npm/tesseract/0.0.3/package/package.json written
72 silly loadAllDepsIntoIdealTree Finishing
73 silly loadIdealTree Finishing
74 silly currentTree mean-demo@0.0.1
74 silly currentTree ├── abbrev@1.0.9
74 silly currentTree ├── accepts@1.3.3
74 silly currentTree ├── align-text@0.1.4
74 silly currentTree ├── angular-file-upload@2.3.4
74 silly currentTree ├── angular-spinners@3.1.2
74 silly currentTree ├── angular-ui-bootstrap@2.1.4
74 silly currentTree ├── ansi-regex@2.0.0
74 silly currentTree ├── ansi-styles@2.2.1
74 silly currentTree ├── append-field@0.1.0
74 silly currentTree ├── aproba@1.0.4
74 silly currentTree ├── archy@1.0.0
74 silly currentTree ├── are-we-there-yet@1.1.2
74 silly currentTree ├── arr-diff@2.0.0
74 silly currentTree ├── arr-flatten@1.0.1
74 silly currentTree ├── array-differ@1.0.0
74 silly currentTree ├── array-find-index@1.0.2
74 silly currentTree ├── array-flatten@1.1.1
74 silly currentTree ├── array-index@1.0.0
74 silly currentTree ├── array-uniq@1.0.3
74 silly currentTree ├── array-unique@0.2.1
74 silly currentTree ├── asn1@0.2.3
74 silly currentTree ├── assert-plus@0.2.0
74 silly currentTree ├── async@1.5.2
74 silly currentTree ├── asynckit@0.4.0
74 silly currentTree ├── aws-sign2@0.6.0
74 silly currentTree ├── aws4@1.5.0
74 silly currentTree ├── balanced-match@0.4.2
74 silly currentTree ├── base64-url@1.3.2
74 silly currentTree ├── base64url@1.0.6
74 silly currentTree ├── bcrypt-nodejs@0.0.3
74 silly currentTree ├── bcrypt-pbkdf@1.0.0
74 silly currentTree ├── beeper@1.1.0
74 silly currentTree ├─┬ bl@1.1.2
74 silly currentTree │ ├── isarray@1.0.0
74 silly currentTree │ └── readable-stream@2.0.6
74 silly currentTree ├── block-stream@0.0.9
74 silly currentTree ├── bluebird@2.10.2
74 silly currentTree ├── body-parser@1.15.2
74 silly currentTree ├── boom@2.10.1
74 silly currentTree ├── brace-expansion@1.1.6
74 silly currentTree ├── braces@1.8.5
74 silly currentTree ├── bson@0.5.5
74 silly currentTree ├── buffer-equal-constant-time@1.0.1
74 silly currentTree ├── buffer-shims@1.0.0
74 silly currentTree ├── builtin-modules@1.1.1
74 silly currentTree ├─┬ busboy@0.2.13
74 silly currentTree │ └── readable-stream@1.1.14
74 silly currentTree ├── bytes@2.4.0
74 silly currentTree ├── camelcase-keys@1.0.0
74 silly currentTree ├── camelcase@1.2.1
74 silly currentTree ├── caseless@0.11.0
74 silly currentTree ├── center-align@0.1.3
74 silly currentTree ├── chalk@1.1.3
74 silly currentTree ├── cliui@2.1.0
74 silly currentTree ├── clone-stats@0.0.1
74 silly currentTree ├── clone@1.0.2
74 silly currentTree ├── code-point-at@1.0.1
74 silly currentTree ├── combined-stream@1.0.5
74 silly currentTree ├── commander@2.9.0
74 silly currentTree ├── concat-map@0.0.1
74 silly currentTree ├── concat-stream@1.4.10
74 silly currentTree ├── concat-with-sourcemaps@1.0.4
74 silly currentTree ├── console-control-strings@1.1.0
74 silly currentTree ├── content-disposition@0.5.1
74 silly currentTree ├── content-type@1.0.2
74 silly currentTree ├── cookie-signature@1.0.6
74 silly currentTree ├── cookie@0.3.1
74 silly currentTree ├── core-util-is@1.0.2
74 silly currentTree ├── cryptiles@2.0.5
74 silly currentTree ├── currently-unhandled@0.4.1
74 silly currentTree ├── d@0.1.1
74 silly currentTree ├─┬ dashdash@1.14.0
74 silly currentTree │ └── assert-plus@1.0.0
74 silly currentTree ├─┬ dateformat@1.0.12
74 silly currentTree │ ├── camelcase-keys@2.1.0
74 silly currentTree │ ├── camelcase@2.1.1
74 silly currentTree │ ├── meow@3.7.0
74 silly currentTree │ └── object-assign@4.1.0
74 silly currentTree ├── debug@2.2.0
74 silly currentTree ├── decamelize@1.2.0
74 silly currentTree ├── defaults@1.0.3
74 silly currentTree ├── delayed-stream@1.0.0
74 silly currentTree ├── delegates@1.0.0
74 silly currentTree ├── depd@1.1.0
74 silly currentTree ├── deprecated@0.0.1
74 silly currentTree ├── destroy@1.0.4
74 silly currentTree ├── detect-file@0.1.0
74 silly currentTree ├─┬ dicer@0.2.5
74 silly currentTree │ └── readable-stream@1.1.14
74 silly currentTree ├── dropzone@4.3.0
74 silly currentTree ├── duplexer@0.1.1
74 silly currentTree ├── duplexer2@0.0.2
74 silly currentTree ├── ecc-jsbn@0.1.1
74 silly currentTree ├── ecdsa-sig-formatter@1.0.7
74 silly currentTree ├── ee-first@1.1.1
74 silly currentTree ├── encodeurl@1.0.1
74 silly currentTree ├── end-of-stream@0.1.5
74 silly currentTree ├── error-ex@1.3.0
74 silly currentTree ├── es5-ext@0.10.12
74 silly currentTree ├── es6-iterator@2.0.0
74 silly currentTree ├── es6-promise@3.2.1
74 silly currentTree ├── es6-symbol@3.1.0
74 silly currentTree ├── escape-html@1.0.3
74 silly currentTree ├── escape-string-regexp@1.0.5
74 silly currentTree ├── etag@1.7.0
74 silly currentTree ├── event-stream@3.3.4
74 silly currentTree ├── expand-brackets@0.1.5
74 silly currentTree ├── expand-range@1.8.2
74 silly currentTree ├── expand-tilde@1.2.2
74 silly currentTree ├─┬ express-jwt@5.1.0
74 silly currentTree │ └── jsonwebtoken@6.2.0
74 silly currentTree ├── express-unless@0.3.0
74 silly currentTree ├── express@4.14.0
74 silly currentTree ├── extend@3.0.0
74 silly currentTree ├── extglob@0.3.2
74 silly currentTree ├── extsprintf@1.0.2
74 silly currentTree ├── fancy-log@1.2.0
74 silly currentTree ├── filename-regex@2.0.0
74 silly currentTree ├── fill-range@2.2.3
74 silly currentTree ├── finalhandler@0.5.0
74 silly currentTree ├── find-index@0.1.1
74 silly currentTree ├── find-up@1.1.2
74 silly currentTree ├── findup-sync@0.4.2
74 silly currentTree ├── fined@1.0.2
74 silly currentTree ├── first-chunk-stream@1.0.0
74 silly currentTree ├── flagged-respawn@0.3.2
74 silly currentTree ├── for-in@0.1.6
74 silly currentTree ├── for-own@0.1.4
74 silly currentTree ├── forever-agent@0.6.1
74 silly currentTree ├── form-data@2.0.0
74 silly currentTree ├── forwarded@0.1.0
74 silly currentTree ├── fresh@0.3.0
74 silly currentTree ├── from@0.1.3
74 silly currentTree ├── fs-exists-sync@0.1.0
74 silly currentTree ├── fs.realpath@1.0.0
74 silly currentTree ├── fstream@1.0.10
74 silly currentTree ├─┬ gauge@2.6.0
74 silly currentTree │ └── object-assign@4.1.0
74 silly currentTree ├── gaze@0.5.2
74 silly currentTree ├── generate-function@2.0.0
74 silly currentTree ├── generate-object-property@1.2.0
74 silly currentTree ├── get-stdin@4.0.1
74 silly currentTree ├─┬ getpass@0.1.6
74 silly currentTree │ └── assert-plus@1.0.0
74 silly currentTree ├── glob-base@0.3.0
74 silly currentTree ├── glob-parent@2.0.0
74 silly currentTree ├─┬ glob-stream@3.1.18
74 silly currentTree │ ├── readable-stream@1.0.34
74 silly currentTree │ └── through2@0.6.5
74 silly currentTree ├── glob-watcher@0.0.6
74 silly currentTree ├── glob@4.5.3
74 silly currentTree ├── glob2base@0.0.12
74 silly currentTree ├── global-modules@0.2.3
74 silly currentTree ├── global-prefix@0.1.4
74 silly currentTree ├─┬ globule@0.1.0
74 silly currentTree │ ├── glob@3.1.21
74 silly currentTree │ ├── graceful-fs@1.2.3
74 silly currentTree │ ├── inherits@1.0.2
74 silly currentTree │ └── minimatch@0.2.14
74 silly currentTree ├── glogg@1.0.0
74 silly currentTree ├── graceful-fs@4.1.9
74 silly currentTree ├── graceful-readlink@1.0.1
74 silly currentTree ├─┬ gulp-concat@2.6.0
74 silly currentTree │ ├── readable-stream@1.0.34
74 silly currentTree │ └── through2@0.6.5
74 silly currentTree ├── gulp-rename@1.2.2
74 silly currentTree ├─┬ gulp-uglify@2.0.0
74 silly currentTree │ └── lodash@4.16.4
74 silly currentTree ├─┬ gulp-util@3.0.7
74 silly currentTree │ └── object-assign@3.0.0
74 silly currentTree ├── gulp@3.9.1
74 silly currentTree ├── gulplog@1.0.0
74 silly currentTree ├── har-validator@2.0.6
74 silly currentTree ├── has-ansi@2.0.0
74 silly currentTree ├── has-color@0.1.7
74 silly currentTree ├── has-gulplog@0.1.0
74 silly currentTree ├── has-unicode@2.0.1
74 silly currentTree ├── hawk@3.1.3
74 silly currentTree ├── hoek@2.16.3
74 silly currentTree ├── hooks-fixed@1.2.0
74 silly currentTree ├── hosted-git-info@2.1.5
74 silly currentTree ├── http-errors@1.5.0
74 silly currentTree ├── http-signature@1.1.1
74 silly currentTree ├── iconv-lite@0.4.13
74 silly currentTree ├── image-size@0.5.0
74 silly currentTree ├── indent-string@1.2.2
74 silly currentTree ├── inflight@1.0.5
74 silly currentTree ├── inherits@2.0.1
74 silly currentTree ├── ini@1.3.4
74 silly currentTree ├── interpret@1.0.1
74 silly currentTree ├── ipaddr.js@1.1.1
74 silly currentTree ├─┬ is-absolute@0.2.5
74 silly currentTree │ └── is-windows@0.1.1
74 silly currentTree ├── is-arrayish@0.2.1
74 silly currentTree ├── is-buffer@1.1.4
74 silly currentTree ├── is-builtin-module@1.0.0
74 silly currentTree ├── is-dotfile@1.0.2
74 silly currentTree ├── is-equal-shallow@0.1.3
74 silly currentTree ├── is-extendable@0.1.1
74 silly currentTree ├── is-extglob@1.0.0
74 silly currentTree ├── is-finite@1.0.2
74 silly currentTree ├── is-fullwidth-code-point@1.0.0
74 silly currentTree ├── is-glob@2.0.1
74 silly currentTree ├── is-my-json-valid@2.15.0
74 silly currentTree ├── is-number@2.1.0
74 silly currentTree ├── is-posix-bracket@0.1.1
74 silly currentTree ├── is-primitive@2.0.0
74 silly currentTree ├── is-property@1.0.2
74 silly currentTree ├── is-relative@0.2.1
74 silly currentTree ├── is-typedarray@1.0.0
74 silly currentTree ├── is-unc-path@0.1.1
74 silly currentTree ├── is-utf8@0.2.1
74 silly currentTree ├── is-windows@0.2.0
74 silly currentTree ├── isarray@0.0.1
74 silly currentTree ├── isemail@1.2.0
74 silly currentTree ├── isexe@1.1.2
74 silly currentTree ├─┬ isobject@2.1.0
74 silly currentTree │ └── isarray@1.0.0
74 silly currentTree ├── isstream@0.1.2
74 silly currentTree ├── jodid25519@1.0.2
74 silly currentTree ├── joi@6.10.1
74 silly currentTree ├── jpeg-js@0.2.0
74 silly currentTree ├── jsbn@0.1.0
74 silly currentTree ├── json-schema@0.2.3
74 silly currentTree ├── json-stringify-safe@5.0.1
74 silly currentTree ├── jsonpointer@4.0.0
74 silly currentTree ├── jsonwebtoken@7.1.9
74 silly currentTree ├── jsprim@1.3.1
74 silly currentTree ├── jwa@1.1.3
74 silly currentTree ├── jws@3.1.3
74 silly currentTree ├── kareem@1.1.3
74 silly currentTree ├── kind-of@3.0.4
74 silly currentTree ├── lazy-cache@1.0.4
74 silly currentTree ├── liftoff@2.3.0
74 silly currentTree ├── load-json-file@1.1.0
74 silly currentTree ├── lodash._basecopy@3.0.1
74 silly currentTree ├── lodash._basetostring@3.0.1
74 silly currentTree ├── lodash._basevalues@3.0.0
74 silly currentTree ├── lodash._getnative@3.9.1
74 silly currentTree ├── lodash._isiterateecall@3.0.9
74 silly currentTree ├── lodash._reescape@3.0.0
74 silly currentTree ├── lodash._reevaluate@3.0.0
74 silly currentTree ├── lodash._reinterpolate@3.0.0
74 silly currentTree ├── lodash._root@3.0.1
74 silly currentTree ├── lodash.assignwith@4.2.0
74 silly currentTree ├── lodash.escape@3.2.0
74 silly currentTree ├── lodash.isarguments@3.1.0
74 silly currentTree ├── lodash.isarray@3.0.4
74 silly currentTree ├── lodash.isempty@4.4.0
74 silly currentTree ├── lodash.isplainobject@4.0.6
74 silly currentTree ├── lodash.isstring@4.0.1
74 silly currentTree ├── lodash.keys@3.1.2
74 silly currentTree ├── lodash.mapvalues@4.6.0
74 silly currentTree ├── lodash.once@4.1.1
74 silly currentTree ├── lodash.pick@4.4.0
74 silly currentTree ├── lodash.restparam@3.6.1
74 silly currentTree ├── lodash.set@4.3.2
74 silly currentTree ├── lodash.template@3.6.2
74 silly currentTree ├── lodash.templatesettings@3.1.1
74 silly currentTree ├── lodash@1.0.2
74 silly currentTree ├── longest@1.0.1
74 silly currentTree ├── loud-rejection@1.6.0
74 silly currentTree ├── lru-cache@2.7.3
74 silly currentTree ├── make-error-cause@1.2.1
74 silly currentTree ├── make-error@1.2.1
74 silly currentTree ├── map-cache@0.2.2
74 silly currentTree ├── map-obj@1.0.1
74 silly currentTree ├── map-stream@0.1.0
74 silly currentTree ├── media-typer@0.3.0
74 silly currentTree ├── meow@2.0.0
74 silly currentTree ├── merge-descriptors@1.0.1
74 silly currentTree ├── methods@1.1.2
74 silly currentTree ├── micromatch@2.3.11
74 silly currentTree ├── mime-db@1.24.0
74 silly currentTree ├── mime-types@2.1.12
74 silly currentTree ├── mime@1.3.4
74 silly currentTree ├── minimatch@2.0.10
74 silly currentTree ├── minimist@1.2.0
74 silly currentTree ├─┬ mkdirp@0.5.1
74 silly currentTree │ └── minimist@0.0.8
74 silly currentTree ├── moment@2.15.1
74 silly currentTree ├── mongodb-core@2.0.12
74 silly currentTree ├─┬ mongodb@2.2.10
74 silly currentTree │ ├── isarray@1.0.0
74 silly currentTree │ └── readable-stream@2.1.5
74 silly currentTree ├─┬ mongoose@4.6.3
74 silly currentTree │ ├── async@2.0.1
74 silly currentTree │ └── lodash@4.16.4
74 silly currentTree ├── mpath@0.2.1
74 silly currentTree ├── mpromise@0.5.5
74 silly currentTree ├─┬ mquery@1.11.0
74 silly currentTree │ └── sliced@0.0.5
74 silly currentTree ├── ms@0.7.1
74 silly currentTree ├─┬ multer@1.2.0
74 silly currentTree │ ├── concat-stream@1.5.2
74 silly currentTree │ ├── isarray@1.0.0
74 silly currentTree │ ├── object-assign@3.0.0
74 silly currentTree │ └── readable-stream@2.0.6
74 silly currentTree ├── multipipe@0.1.2
74 silly currentTree ├── muri@1.1.1
74 silly currentTree ├── natives@1.1.0
74 silly currentTree ├── negotiator@0.6.1
74 silly currentTree ├─┬ node-gyp@3.4.0
74 silly currentTree │ ├── glob@7.1.1
74 silly currentTree │ └── minimatch@3.0.3
74 silly currentTree ├── node-resemble-js@0.1.1
74 silly currentTree ├── node-uuid@1.4.7
74 silly currentTree ├── nopt@3.0.6
74 silly currentTree ├── normalize-package-data@2.3.5
74 silly currentTree ├── normalize-path@2.0.1
74 silly currentTree ├── npmlog@3.1.2
74 silly currentTree ├── number-is-nan@1.0.1
74 silly currentTree ├── oauth-sign@0.8.2
74 silly currentTree ├── oauth@0.9.14
74 silly currentTree ├── object-assign@1.0.0
74 silly currentTree ├── object.omit@2.0.0
74 silly currentTree ├── on-finished@2.3.0
74 silly currentTree ├── once@1.3.3
74 silly currentTree ├── orchestrator@0.3.7
74 silly currentTree ├── ordered-read-streams@0.1.0
74 silly currentTree ├── os-homedir@1.0.2
74 silly currentTree ├── os-tmpdir@1.0.2
74 silly currentTree ├── osenv@0.1.3
74 silly currentTree ├── parse-filepath@1.0.1
74 silly currentTree ├── parse-glob@3.0.4
74 silly currentTree ├── parse-json@2.2.0
74 silly currentTree ├── parseurl@1.3.1
74 silly currentTree ├── passport-facebook@2.1.1
74 silly currentTree ├── passport-local@1.0.0
74 silly currentTree ├── passport-oauth2@1.3.0
74 silly currentTree ├── passport-strategy@1.0.0
74 silly currentTree ├── passport@0.3.2
74 silly currentTree ├── path-array@1.0.1
74 silly currentTree ├── path-exists@2.1.0
74 silly currentTree ├── path-is-absolute@1.0.1
74 silly currentTree ├── path-root-regex@0.1.2
74 silly currentTree ├── path-root@0.1.1
74 silly currentTree ├── path-to-regexp@0.1.7
74 silly currentTree ├── path-type@1.1.0
74 silly currentTree ├── pause-stream@0.0.11
74 silly currentTree ├── pause@0.0.1
74 silly currentTree ├── pify@2.3.0
74 silly currentTree ├── pinkie-promise@2.0.1
74 silly currentTree ├── pinkie@2.0.4
74 silly currentTree ├── pngjs@2.2.0
74 silly currentTree ├── preserve@0.2.0
74 silly currentTree ├── pretty-hrtime@1.0.2
74 silly currentTree ├── process-nextick-args@1.0.7
74 silly currentTree ├── proxy-addr@1.1.2
74 silly currentTree ├── qs@6.2.0
74 silly currentTree ├── randomatic@1.1.5
74 silly currentTree ├── range-parser@1.2.0
74 silly currentTree ├── raw-body@2.1.7
74 silly currentTree ├── read-pkg-up@1.0.1
74 silly currentTree ├── read-pkg@1.1.0
74 silly currentTree ├── readable-stream@1.1.14
74 silly currentTree ├── rechoir@0.6.2
74 silly currentTree ├─┬ redent@1.0.0
74 silly currentTree │ ├── indent-string@2.1.0
74 silly currentTree │ └── repeating@2.0.1
74 silly currentTree ├── regex-cache@0.4.3
74 silly currentTree ├── regexp-clone@0.0.1
74 silly currentTree ├── repeat-element@1.1.2
74 silly currentTree ├── repeat-string@1.5.4
74 silly currentTree ├── repeating@1.1.3
74 silly currentTree ├── replace-ext@0.0.1
74 silly currentTree ├── request@2.75.0
74 silly currentTree ├─┬ require_optional@1.0.0
74 silly currentTree │ └── semver@5.3.0
74 silly currentTree ├── resemblejs@2.2.2
74 silly currentTree ├── resolve-dir@0.1.1
74 silly currentTree ├── resolve-from@2.0.0
74 silly currentTree ├── resolve@1.1.7
74 silly currentTree ├── right-align@0.1.3
74 silly currentTree ├─┬ rimraf@2.5.4
74 silly currentTree │ ├── glob@7.1.1
74 silly currentTree │ └── minimatch@3.0.3
74 silly currentTree ├── semver@4.3.6
74 silly currentTree ├── send@0.14.1
74 silly currentTree ├── sequencify@0.0.7
74 silly currentTree ├── serve-static@1.11.1
74 silly currentTree ├── set-blocking@2.0.0
74 silly currentTree ├── setprototypeof@1.0.1
74 silly currentTree ├── sigmund@1.0.1
74 silly currentTree ├── signal-exit@3.0.1
74 silly currentTree ├── sliced@1.0.1
74 silly currentTree ├── sntp@1.0.9
74 silly currentTree ├── source-map@0.5.6
74 silly currentTree ├── sparkles@1.0.0
74 silly currentTree ├── spdx-correct@1.0.2
74 silly currentTree ├── spdx-expression-parse@1.0.4
74 silly currentTree ├── spdx-license-ids@1.2.2
74 silly currentTree ├── split@0.3.3
74 silly currentTree ├─┬ sshpk@1.10.1
74 silly currentTree │ └── assert-plus@1.0.0
74 silly currentTree ├── statuses@1.3.0
74 silly currentTree ├── stream-combiner@0.0.4
74 silly currentTree ├── stream-consume@0.1.0
74 silly currentTree ├── streamsearch@0.1.2
74 silly currentTree ├── string_decoder@0.10.31
74 silly currentTree ├── string-width@1.0.2
74 silly currentTree ├── stringstream@0.0.5
74 silly currentTree ├── strip-ansi@3.0.1
74 silly currentTree ├── strip-bom@2.0.0
74 silly currentTree ├── strip-indent@1.0.1
74 silly currentTree ├── supports-color@2.0.0
74 silly currentTree ├── tar@2.2.1
74 silly currentTree ├── through@2.3.8
74 silly currentTree ├─┬ through2@2.0.1
74 silly currentTree │ ├── isarray@1.0.0
74 silly currentTree │ └── readable-stream@2.0.6
74 silly currentTree ├── tildify@1.2.0
74 silly currentTree ├── time-stamp@1.0.1
74 silly currentTree ├── topo@1.1.0
74 silly currentTree ├── tough-cookie@2.3.1
74 silly currentTree ├── trim-newlines@1.0.0
74 silly currentTree ├── tunnel-agent@0.4.3
74 silly currentTree ├── tweetnacl@0.14.3
74 silly currentTree ├── type-is@1.6.13
74 silly currentTree ├── typedarray@0.0.6
74 silly currentTree ├─┬ uglify-js@2.7.0
74 silly currentTree │ └── async@0.2.10
74 silly currentTree ├── uglify-save-license@0.4.1
74 silly currentTree ├── uglify-to-browserify@1.0.2
74 silly currentTree ├── ui-router@1.0.0-alpha.3
74 silly currentTree ├── uid2@0.0.3
74 silly currentTree ├── unc-path-regex@0.1.2
74 silly currentTree ├── underscore@1.8.3
74 silly currentTree ├── unique-stream@1.0.0
74 silly currentTree ├── unpipe@1.0.0
74 silly currentTree ├── user-home@1.1.1
74 silly currentTree ├── util-deprecate@1.0.2
74 silly currentTree ├── utils-merge@1.0.0
74 silly currentTree ├── v8flags@2.0.11
74 silly currentTree ├── validate-npm-package-license@3.0.1
74 silly currentTree ├── vary@1.1.0
74 silly currentTree ├── verror@1.3.6
74 silly currentTree ├─┬ vinyl-fs@0.3.14
74 silly currentTree │ ├── clone@0.2.0
74 silly currentTree │ ├── graceful-fs@3.0.11
74 silly currentTree │ ├── readable-stream@1.0.34
74 silly currentTree │ ├── strip-bom@1.0.0
74 silly currentTree │ ├── through2@0.6.5
74 silly currentTree │ └── vinyl@0.4.6
74 silly currentTree ├── vinyl-sourcemaps-apply@0.2.1
74 silly currentTree ├── vinyl@0.5.3
74 silly currentTree ├── which@1.2.11
74 silly currentTree ├── wide-align@1.1.0
74 silly currentTree ├── window-size@0.1.0
74 silly currentTree ├── wordwrap@0.0.2
74 silly currentTree ├── wrappy@1.0.2
74 silly currentTree ├── xtend@4.0.1
74 silly currentTree └── yargs@3.10.0
75 silly idealTree mean-demo@0.0.1
75 silly idealTree ├── abbrev@1.0.9
75 silly idealTree ├── accepts@1.3.3
75 silly idealTree ├── align-text@0.1.4
75 silly idealTree ├── angular-file-upload@2.3.4
75 silly idealTree ├── angular-spinners@3.1.2
75 silly idealTree ├── angular-ui-bootstrap@2.1.4
75 silly idealTree ├── ansi-regex@2.0.0
75 silly idealTree ├── ansi-styles@2.2.1
75 silly idealTree ├── append-field@0.1.0
75 silly idealTree ├── aproba@1.0.4
75 silly idealTree ├── archy@1.0.0
75 silly idealTree ├── are-we-there-yet@1.1.2
75 silly idealTree ├── arr-diff@2.0.0
75 silly idealTree ├── arr-flatten@1.0.1
75 silly idealTree ├── array-differ@1.0.0
75 silly idealTree ├── array-find-index@1.0.2
75 silly idealTree ├── array-flatten@1.1.1
75 silly idealTree ├── array-index@1.0.0
75 silly idealTree ├── array-uniq@1.0.3
75 silly idealTree ├── array-unique@0.2.1
75 silly idealTree ├── asn1@0.2.3
75 silly idealTree ├── assert-plus@0.2.0
75 silly idealTree ├── async@1.5.2
75 silly idealTree ├── asynckit@0.4.0
75 silly idealTree ├── aws-sign2@0.6.0
75 silly idealTree ├── aws4@1.5.0
75 silly idealTree ├── balanced-match@0.4.2
75 silly idealTree ├── base64-url@1.3.2
75 silly idealTree ├── base64url@1.0.6
75 silly idealTree ├── bcrypt-nodejs@0.0.3
75 silly idealTree ├── bcrypt-pbkdf@1.0.0
75 silly idealTree ├── beeper@1.1.0
75 silly idealTree ├─┬ bl@1.1.2
75 silly idealTree │ ├── isarray@1.0.0
75 silly idealTree │ └── readable-stream@2.0.6
75 silly idealTree ├── block-stream@0.0.9
75 silly idealTree ├── bluebird@2.10.2
75 silly idealTree ├── body-parser@1.15.2
75 silly idealTree ├── boom@2.10.1
75 silly idealTree ├── brace-expansion@1.1.6
75 silly idealTree ├── braces@1.8.5
75 silly idealTree ├── bson@0.5.5
75 silly idealTree ├── buffer-equal-constant-time@1.0.1
75 silly idealTree ├── buffer-shims@1.0.0
75 silly idealTree ├── builtin-modules@1.1.1
75 silly idealTree ├─┬ busboy@0.2.13
75 silly idealTree │ └── readable-stream@1.1.14
75 silly idealTree ├── bytes@2.4.0
75 silly idealTree ├── camelcase-keys@1.0.0
75 silly idealTree ├── camelcase@1.2.1
75 silly idealTree ├── caseless@0.11.0
75 silly idealTree ├── center-align@0.1.3
75 silly idealTree ├── chalk@1.1.3
75 silly idealTree ├── cliui@2.1.0
75 silly idealTree ├── clone-stats@0.0.1
75 silly idealTree ├── clone@1.0.2
75 silly idealTree ├── code-point-at@1.0.1
75 silly idealTree ├── combined-stream@1.0.5
75 silly idealTree ├── commander@2.9.0
75 silly idealTree ├── concat-map@0.0.1
75 silly idealTree ├── concat-stream@1.4.10
75 silly idealTree ├── concat-with-sourcemaps@1.0.4
75 silly idealTree ├── console-control-strings@1.1.0
75 silly idealTree ├── content-disposition@0.5.1
75 silly idealTree ├── content-type@1.0.2
75 silly idealTree ├── cookie-signature@1.0.6
75 silly idealTree ├── cookie@0.3.1
75 silly idealTree ├── core-util-is@1.0.2
75 silly idealTree ├── cryptiles@2.0.5
75 silly idealTree ├── currently-unhandled@0.4.1
75 silly idealTree ├── d@0.1.1
75 silly idealTree ├─┬ dashdash@1.14.0
75 silly idealTree │ └── assert-plus@1.0.0
75 silly idealTree ├─┬ dateformat@1.0.12
75 silly idealTree │ ├── camelcase-keys@2.1.0
75 silly idealTree │ ├── camelcase@2.1.1
75 silly idealTree │ ├── meow@3.7.0
75 silly idealTree │ └── object-assign@4.1.0
75 silly idealTree ├── debug@2.2.0
75 silly idealTree ├── decamelize@1.2.0
75 silly idealTree ├── defaults@1.0.3
75 silly idealTree ├── delayed-stream@1.0.0
75 silly idealTree ├── delegates@1.0.0
75 silly idealTree ├── depd@1.1.0
75 silly idealTree ├── deprecated@0.0.1
75 silly idealTree ├── destroy@1.0.4
75 silly idealTree ├── detect-file@0.1.0
75 silly idealTree ├─┬ dicer@0.2.5
75 silly idealTree │ └── readable-stream@1.1.14
75 silly idealTree ├── dropzone@4.3.0
75 silly idealTree ├── duplexer@0.1.1
75 silly idealTree ├── duplexer2@0.0.2
75 silly idealTree ├── ecc-jsbn@0.1.1
75 silly idealTree ├── ecdsa-sig-formatter@1.0.7
75 silly idealTree ├── ee-first@1.1.1
75 silly idealTree ├── encodeurl@1.0.1
75 silly idealTree ├── end-of-stream@0.1.5
75 silly idealTree ├── error-ex@1.3.0
75 silly idealTree ├── es5-ext@0.10.12
75 silly idealTree ├── es6-iterator@2.0.0
75 silly idealTree ├── es6-promise@3.2.1
75 silly idealTree ├── es6-symbol@3.1.0
75 silly idealTree ├── escape-html@1.0.3
75 silly idealTree ├── escape-string-regexp@1.0.5
75 silly idealTree ├── etag@1.7.0
75 silly idealTree ├── event-stream@3.3.4
75 silly idealTree ├── expand-brackets@0.1.5
75 silly idealTree ├── expand-range@1.8.2
75 silly idealTree ├── expand-tilde@1.2.2
75 silly idealTree ├─┬ express-jwt@5.1.0
75 silly idealTree │ └── jsonwebtoken@6.2.0
75 silly idealTree ├── express-unless@0.3.0
75 silly idealTree ├── express@4.14.0
75 silly idealTree ├── extend@3.0.0
75 silly idealTree ├── extglob@0.3.2
75 silly idealTree ├── extsprintf@1.0.2
75 silly idealTree ├── fancy-log@1.2.0
75 silly idealTree ├── filename-regex@2.0.0
75 silly idealTree ├── fill-range@2.2.3
75 silly idealTree ├── finalhandler@0.5.0
75 silly idealTree ├── find-index@0.1.1
75 silly idealTree ├── find-up@1.1.2
75 silly idealTree ├── findup-sync@0.4.2
75 silly idealTree ├── fined@1.0.2
75 silly idealTree ├── first-chunk-stream@1.0.0
75 silly idealTree ├── flagged-respawn@0.3.2
75 silly idealTree ├── for-in@0.1.6
75 silly idealTree ├── for-own@0.1.4
75 silly idealTree ├── forever-agent@0.6.1
75 silly idealTree ├── form-data@2.0.0
75 silly idealTree ├── forwarded@0.1.0
75 silly idealTree ├── fresh@0.3.0
75 silly idealTree ├── from@0.1.3
75 silly idealTree ├── fs-exists-sync@0.1.0
75 silly idealTree ├── fs.realpath@1.0.0
75 silly idealTree ├── fstream@1.0.10
75 silly idealTree ├─┬ gauge@2.6.0
75 silly idealTree │ └── object-assign@4.1.0
75 silly idealTree ├── gaze@0.5.2
75 silly idealTree ├── generate-function@2.0.0
75 silly idealTree ├── generate-object-property@1.2.0
75 silly idealTree ├── get-stdin@4.0.1
75 silly idealTree ├─┬ getpass@0.1.6
75 silly idealTree │ └── assert-plus@1.0.0
75 silly idealTree ├── glob-base@0.3.0
75 silly idealTree ├── glob-parent@2.0.0
75 silly idealTree ├─┬ glob-stream@3.1.18
75 silly idealTree │ ├── readable-stream@1.0.34
75 silly idealTree │ └── through2@0.6.5
75 silly idealTree ├── glob-watcher@0.0.6
75 silly idealTree ├── glob@4.5.3
75 silly idealTree ├── glob2base@0.0.12
75 silly idealTree ├── global-modules@0.2.3
75 silly idealTree ├── global-prefix@0.1.4
75 silly idealTree ├─┬ globule@0.1.0
75 silly idealTree │ ├── glob@3.1.21
75 silly idealTree │ ├── graceful-fs@1.2.3
75 silly idealTree │ ├── inherits@1.0.2
75 silly idealTree │ └── minimatch@0.2.14
75 silly idealTree ├── glogg@1.0.0
75 silly idealTree ├── graceful-fs@4.1.9
75 silly idealTree ├── graceful-readlink@1.0.1
75 silly idealTree ├─┬ gulp-concat@2.6.0
75 silly idealTree │ ├── readable-stream@1.0.34
75 silly idealTree │ └── through2@0.6.5
75 silly idealTree ├── gulp-rename@1.2.2
75 silly idealTree ├─┬ gulp-uglify@2.0.0
75 silly idealTree │ └── lodash@4.16.4
75 silly idealTree ├─┬ gulp-util@3.0.7
75 silly idealTree │ └── object-assign@3.0.0
75 silly idealTree ├── gulp@3.9.1
75 silly idealTree ├── gulplog@1.0.0
75 silly idealTree ├── har-validator@2.0.6
75 silly idealTree ├── has-ansi@2.0.0
75 silly idealTree ├── has-color@0.1.7
75 silly idealTree ├── has-gulplog@0.1.0
75 silly idealTree ├── has-unicode@2.0.1
75 silly idealTree ├── hawk@3.1.3
75 silly idealTree ├── hoek@2.16.3
75 silly idealTree ├── hooks-fixed@1.2.0
75 silly idealTree ├── hosted-git-info@2.1.5
75 silly idealTree ├── http-errors@1.5.0
75 silly idealTree ├── http-signature@1.1.1
75 silly idealTree ├── iconv-lite@0.4.13
75 silly idealTree ├── image-size@0.5.0
75 silly idealTree ├── indent-string@1.2.2
75 silly idealTree ├── inflight@1.0.5
75 silly idealTree ├── inherits@2.0.1
75 silly idealTree ├── ini@1.3.4
75 silly idealTree ├── interpret@1.0.1
75 silly idealTree ├── ipaddr.js@1.1.1
75 silly idealTree ├─┬ is-absolute@0.2.5
75 silly idealTree │ └── is-windows@0.1.1
75 silly idealTree ├── is-arrayish@0.2.1
75 silly idealTree ├── is-buffer@1.1.4
75 silly idealTree ├── is-builtin-module@1.0.0
75 silly idealTree ├── is-dotfile@1.0.2
75 silly idealTree ├── is-equal-shallow@0.1.3
75 silly idealTree ├── is-extendable@0.1.1
75 silly idealTree ├── is-extglob@1.0.0
75 silly idealTree ├── is-finite@1.0.2
75 silly idealTree ├── is-fullwidth-code-point@1.0.0
75 silly idealTree ├── is-glob@2.0.1
75 silly idealTree ├── is-my-json-valid@2.15.0
75 silly idealTree ├── is-number@2.1.0
75 silly idealTree ├── is-posix-bracket@0.1.1
75 silly idealTree ├── is-primitive@2.0.0
75 silly idealTree ├── is-property@1.0.2
75 silly idealTree ├── is-relative@0.2.1
75 silly idealTree ├── is-typedarray@1.0.0
75 silly idealTree ├── is-unc-path@0.1.1
75 silly idealTree ├── is-utf8@0.2.1
75 silly idealTree ├── is-windows@0.2.0
75 silly idealTree ├── isarray@0.0.1
75 silly idealTree ├── isemail@1.2.0
75 silly idealTree ├── isexe@1.1.2
75 silly idealTree ├─┬ isobject@2.1.0
75 silly idealTree │ └── isarray@1.0.0
75 silly idealTree ├── isstream@0.1.2
75 silly idealTree ├── jodid25519@1.0.2
75 silly idealTree ├── joi@6.10.1
75 silly idealTree ├── jpeg-js@0.2.0
75 silly idealTree ├── jsbn@0.1.0
75 silly idealTree ├── json-schema@0.2.3
75 silly idealTree ├── json-stringify-safe@5.0.1
75 silly idealTree ├── jsonpointer@4.0.0
75 silly idealTree ├── jsonwebtoken@7.1.9
75 silly idealTree ├── jsprim@1.3.1
75 silly idealTree ├── jwa@1.1.3
75 silly idealTree ├── jws@3.1.3
75 silly idealTree ├── kareem@1.1.3
75 silly idealTree ├── kind-of@3.0.4
75 silly idealTree ├── lazy-cache@1.0.4
75 silly idealTree ├── liftoff@2.3.0
75 silly idealTree ├── load-json-file@1.1.0
75 silly idealTree ├── lodash._basecopy@3.0.1
75 silly idealTree ├── lodash._basetostring@3.0.1
75 silly idealTree ├── lodash._basevalues@3.0.0
75 silly idealTree ├── lodash._getnative@3.9.1
75 silly idealTree ├── lodash._isiterateecall@3.0.9
75 silly idealTree ├── lodash._reescape@3.0.0
75 silly idealTree ├── lodash._reevaluate@3.0.0
75 silly idealTree ├── lodash._reinterpolate@3.0.0
75 silly idealTree ├── lodash._root@3.0.1
75 silly idealTree ├── lodash.assignwith@4.2.0
75 silly idealTree ├── lodash.escape@3.2.0
75 silly idealTree ├── lodash.isarguments@3.1.0
75 silly idealTree ├── lodash.isarray@3.0.4
75 silly idealTree ├── lodash.isempty@4.4.0
75 silly idealTree ├── lodash.isplainobject@4.0.6
75 silly idealTree ├── lodash.isstring@4.0.1
75 silly idealTree ├── lodash.keys@3.1.2
75 silly idealTree ├── lodash.mapvalues@4.6.0
75 silly idealTree ├── lodash.once@4.1.1
75 silly idealTree ├── lodash.pick@4.4.0
75 silly idealTree ├── lodash.restparam@3.6.1
75 silly idealTree ├── lodash.set@4.3.2
75 silly idealTree ├── lodash.template@3.6.2
75 silly idealTree ├── lodash.templatesettings@3.1.1
75 silly idealTree ├── lodash@1.0.2
75 silly idealTree ├── longest@1.0.1
75 silly idealTree ├── loud-rejection@1.6.0
75 silly idealTree ├── lru-cache@2.7.3
75 silly idealTree ├── make-error-cause@1.2.1
75 silly idealTree ├── make-error@1.2.1
75 silly idealTree ├── map-cache@0.2.2
75 silly idealTree ├── map-obj@1.0.1
75 silly idealTree ├── map-stream@0.1.0
75 silly idealTree ├── media-typer@0.3.0
75 silly idealTree ├── meow@2.0.0
75 silly idealTree ├── merge-descriptors@1.0.1
75 silly idealTree ├── methods@1.1.2
75 silly idealTree ├── micromatch@2.3.11
75 silly idealTree ├── mime-db@1.24.0
75 silly idealTree ├── mime-types@2.1.12
75 silly idealTree ├── mime@1.3.4
75 silly idealTree ├── minimatch@2.0.10
75 silly idealTree ├── minimist@1.2.0
75 silly idealTree ├─┬ mkdirp@0.5.1
75 silly idealTree │ └── minimist@0.0.8
75 silly idealTree ├── moment@2.15.1
75 silly idealTree ├── mongodb-core@2.0.12
75 silly idealTree ├─┬ mongodb@2.2.10
75 silly idealTree │ ├── isarray@1.0.0
75 silly idealTree │ └── readable-stream@2.1.5
75 silly idealTree ├─┬ mongoose@4.6.3
75 silly idealTree │ ├── async@2.0.1
75 silly idealTree │ └── lodash@4.16.4
75 silly idealTree ├── mpath@0.2.1
75 silly idealTree ├── mpromise@0.5.5
75 silly idealTree ├─┬ mquery@1.11.0
75 silly idealTree │ └── sliced@0.0.5
75 silly idealTree ├── ms@0.7.1
75 silly idealTree ├─┬ multer@1.2.0
75 silly idealTree │ ├── concat-stream@1.5.2
75 silly idealTree │ ├── isarray@1.0.0
75 silly idealTree │ ├── object-assign@3.0.0
75 silly idealTree │ └── readable-stream@2.0.6
75 silly idealTree ├── multipipe@0.1.2
75 silly idealTree ├── muri@1.1.1
75 silly idealTree ├── natives@1.1.0
75 silly idealTree ├── negotiator@0.6.1
75 silly idealTree ├─┬ node-gyp@3.4.0
75 silly idealTree │ ├── glob@7.1.1
75 silly idealTree │ └── minimatch@3.0.3
75 silly idealTree ├── node-resemble-js@0.1.1
75 silly idealTree ├── node-uuid@1.4.7
75 silly idealTree ├── nopt@3.0.6
75 silly idealTree ├── normalize-package-data@2.3.5
75 silly idealTree ├── normalize-path@2.0.1
75 silly idealTree ├── npmlog@3.1.2
75 silly idealTree ├── number-is-nan@1.0.1
75 silly idealTree ├── oauth-sign@0.8.2
75 silly idealTree ├── oauth@0.9.14
75 silly idealTree ├── object-assign@1.0.0
75 silly idealTree ├── object.omit@2.0.0
75 silly idealTree ├── on-finished@2.3.0
75 silly idealTree ├── once@1.3.3
75 silly idealTree ├── orchestrator@0.3.7
75 silly idealTree ├── ordered-read-streams@0.1.0
75 silly idealTree ├── os-homedir@1.0.2
75 silly idealTree ├── os-tmpdir@1.0.2
75 silly idealTree ├── osenv@0.1.3
75 silly idealTree ├── parse-filepath@1.0.1
75 silly idealTree ├── parse-glob@3.0.4
75 silly idealTree ├── parse-json@2.2.0
75 silly idealTree ├── parseurl@1.3.1
75 silly idealTree ├── passport-facebook@2.1.1
75 silly idealTree ├── passport-local@1.0.0
75 silly idealTree ├── passport-oauth2@1.3.0
75 silly idealTree ├── passport-strategy@1.0.0
75 silly idealTree ├── passport@0.3.2
75 silly idealTree ├── path-array@1.0.1
75 silly idealTree ├── path-exists@2.1.0
75 silly idealTree ├── path-is-absolute@1.0.1
75 silly idealTree ├── path-root-regex@0.1.2
75 silly idealTree ├── path-root@0.1.1
75 silly idealTree ├── path-to-regexp@0.1.7
75 silly idealTree ├── path-type@1.1.0
75 silly idealTree ├── pause-stream@0.0.11
75 silly idealTree ├── pause@0.0.1
75 silly idealTree ├── pify@2.3.0
75 silly idealTree ├── pinkie-promise@2.0.1
75 silly idealTree ├── pinkie@2.0.4
75 silly idealTree ├── pngjs@2.2.0
75 silly idealTree ├── preserve@0.2.0
75 silly idealTree ├── pretty-hrtime@1.0.2
75 silly idealTree ├── process-nextick-args@1.0.7
75 silly idealTree ├── proxy-addr@1.1.2
75 silly idealTree ├── qs@6.2.0
75 silly idealTree ├── randomatic@1.1.5
75 silly idealTree ├── range-parser@1.2.0
75 silly idealTree ├── raw-body@2.1.7
75 silly idealTree ├── read-pkg-up@1.0.1
75 silly idealTree ├── read-pkg@1.1.0
75 silly idealTree ├── readable-stream@1.1.14
75 silly idealTree ├── rechoir@0.6.2
75 silly idealTree ├─┬ redent@1.0.0
75 silly idealTree │ ├── indent-string@2.1.0
75 silly idealTree │ └── repeating@2.0.1
75 silly idealTree ├── regex-cache@0.4.3
75 silly idealTree ├── regexp-clone@0.0.1
75 silly idealTree ├── repeat-element@1.1.2
75 silly idealTree ├── repeat-string@1.5.4
75 silly idealTree ├── repeating@1.1.3
75 silly idealTree ├── replace-ext@0.0.1
75 silly idealTree ├── request@2.75.0
75 silly idealTree ├─┬ require_optional@1.0.0
75 silly idealTree │ └── semver@5.3.0
75 silly idealTree ├── resemblejs@2.2.2
75 silly idealTree ├── resolve-dir@0.1.1
75 silly idealTree ├── resolve-from@2.0.0
75 silly idealTree ├── resolve@1.1.7
75 silly idealTree ├── right-align@0.1.3
75 silly idealTree ├─┬ rimraf@2.5.4
75 silly idealTree │ ├── glob@7.1.1
75 silly idealTree │ └── minimatch@3.0.3
75 silly idealTree ├── semver@4.3.6
75 silly idealTree ├── send@0.14.1
75 silly idealTree ├── sequencify@0.0.7
75 silly idealTree ├── serve-static@1.11.1
75 silly idealTree ├── set-blocking@2.0.0
75 silly idealTree ├── setprototypeof@1.0.1
75 silly idealTree ├── sigmund@1.0.1
75 silly idealTree ├── signal-exit@3.0.1
75 silly idealTree ├── sliced@1.0.1
75 silly idealTree ├── sntp@1.0.9
75 silly idealTree ├── source-map@0.5.6
75 silly idealTree ├── sparkles@1.0.0
75 silly idealTree ├── spdx-correct@1.0.2
75 silly idealTree ├── spdx-expression-parse@1.0.4
75 silly idealTree ├── spdx-license-ids@1.2.2
75 silly idealTree ├── split@0.3.3
75 silly idealTree ├─┬ sshpk@1.10.1
75 silly idealTree │ └── assert-plus@1.0.0
75 silly idealTree ├── statuses@1.3.0
75 silly idealTree ├── stream-combiner@0.0.4
75 silly idealTree ├── stream-consume@0.1.0
75 silly idealTree ├── streamsearch@0.1.2
75 silly idealTree ├── string_decoder@0.10.31
75 silly idealTree ├── string-width@1.0.2
75 silly idealTree ├── stringstream@0.0.5
75 silly idealTree ├── strip-ansi@3.0.1
75 silly idealTree ├── strip-bom@2.0.0
75 silly idealTree ├── strip-indent@1.0.1
75 silly idealTree ├── supports-color@2.0.0
75 silly idealTree ├── tar@2.2.1
75 silly idealTree ├── tesseract@0.0.3
75 silly idealTree ├── through@2.3.8
75 silly idealTree ├─┬ through2@2.0.1
75 silly idealTree │ ├── isarray@1.0.0
75 silly idealTree │ └── readable-stream@2.0.6
75 silly idealTree ├── tildify@1.2.0
75 silly idealTree ├── time-stamp@1.0.1
75 silly idealTree ├── topo@1.1.0
75 silly idealTree ├── tough-cookie@2.3.1
75 silly idealTree ├── trim-newlines@1.0.0
75 silly idealTree ├── tunnel-agent@0.4.3
75 silly idealTree ├── tweetnacl@0.14.3
75 silly idealTree ├── type-is@1.6.13
75 silly idealTree ├── typedarray@0.0.6
75 silly idealTree ├─┬ uglify-js@2.7.0
75 silly idealTree │ └── async@0.2.10
75 silly idealTree ├── uglify-save-license@0.4.1
75 silly idealTree ├── uglify-to-browserify@1.0.2
75 silly idealTree ├── ui-router@1.0.0-alpha.3
75 silly idealTree ├── uid2@0.0.3
75 silly idealTree ├── unc-path-regex@0.1.2
75 silly idealTree ├── underscore@1.8.3
75 silly idealTree ├── unique-stream@1.0.0
75 silly idealTree ├── unpipe@1.0.0
75 silly idealTree ├── user-home@1.1.1
75 silly idealTree ├── util-deprecate@1.0.2
75 silly idealTree ├── utils-merge@1.0.0
75 silly idealTree ├── v8flags@2.0.11
75 silly idealTree ├── validate-npm-package-license@3.0.1
75 silly idealTree ├── vary@1.1.0
75 silly idealTree ├── verror@1.3.6
75 silly idealTree ├─┬ vinyl-fs@0.3.14
75 silly idealTree │ ├── clone@0.2.0
75 silly idealTree │ ├── graceful-fs@3.0.11
75 silly idealTree │ ├── readable-stream@1.0.34
75 silly idealTree │ ├── strip-bom@1.0.0
75 silly idealTree │ ├── through2@0.6.5
75 silly idealTree │ └── vinyl@0.4.6
75 silly idealTree ├── vinyl-sourcemaps-apply@0.2.1
75 silly idealTree ├── vinyl@0.5.3
75 silly idealTree ├── which@1.2.11
75 silly idealTree ├── wide-align@1.1.0
75 silly idealTree ├── window-size@0.1.0
75 silly idealTree ├── wordwrap@0.0.2
75 silly idealTree ├── wrappy@1.0.2
75 silly idealTree ├── xtend@4.0.1
75 silly idealTree └── yargs@3.10.0
76 silly generateActionsToTake Starting
77 silly install generateActionsToTake
78 silly generateActionsToTake Finishing
79 silly diffTrees action count 1
80 silly diffTrees add tesseract@0.0.3
81 silly decomposeActions action count 8
82 silly decomposeActions fetch tesseract@0.0.3
83 silly decomposeActions extract tesseract@0.0.3
84 silly decomposeActions test tesseract@0.0.3
85 silly decomposeActions preinstall tesseract@0.0.3
86 silly decomposeActions build tesseract@0.0.3
87 silly decomposeActions install tesseract@0.0.3
88 silly decomposeActions postinstall tesseract@0.0.3
89 silly decomposeActions finalize tesseract@0.0.3
90 silly executeActions Starting
91 silly install executeActions
92 silly doSerial global-install 0
93 silly doParallel fetch 1
94 verbose correctMkdir /Users/DanielGraaf/.npm/_locks correctMkdir not in flight; initializing
95 verbose lock using /Users/DanielGraaf/.npm/_locks/staging-61fa6fa0bb70793b.lock for /Users/DanielGraaf/Hackathon/Plaats/node_modules/.staging
96 silly doParallel extract 1
97 silly extract tesseract@0.0.3
98 verbose unbuild node_modules/.staging/tesseract-d9eb0baa
99 silly gentlyRm /Users/DanielGraaf/Hackathon/Plaats/node_modules/.staging/tesseract-d9eb0baa is being purged from base /Users/DanielGraaf/Hackathon/Plaats
100 verbose gentlyRm don't care about contents; nuking /Users/DanielGraaf/Hackathon/Plaats/node_modules/.staging/tesseract-d9eb0baa
101 verbose tar unpack /Users/DanielGraaf/.npm/tesseract/0.0.3/package.tgz
102 verbose tar unpacking to /Users/DanielGraaf/Hackathon/Plaats/node_modules/.staging/tesseract-d9eb0baa
103 silly gentlyRm /Users/DanielGraaf/Hackathon/Plaats/node_modules/.staging/tesseract-d9eb0baa is being purged
104 verbose gentlyRm don't care about contents; nuking /Users/DanielGraaf/Hackathon/Plaats/node_modules/.staging/tesseract-d9eb0baa
105 silly gunzTarPerm modes [ '755', '644' ]
106 silly gunzTarPerm extractEntry package.json
107 silly gunzTarPerm modified mode [ 'package.json', 438, 420 ]
108 silly gunzTarPerm extractEntry .npmignore
109 silly gunzTarPerm modified mode [ '.npmignore', 438, 420 ]
110 silly gunzTarPerm extractEntry README.md
111 silly gunzTarPerm modified mode [ 'README.md', 438, 420 ]
112 silly gunzTarPerm extractEntry LICENSE
113 silly gunzTarPerm modified mode [ 'LICENSE', 438, 420 ]
114 silly gunzTarPerm extractEntry .idea/.name
115 silly gunzTarPerm modified mode [ '.idea/.name', 438, 420 ]
116 silly gunzTarPerm extractEntry .idea/encodings.xml
117 silly gunzTarPerm modified mode [ '.idea/encodings.xml', 438, 420 ]
118 silly gunzTarPerm extractEntry .idea/inspectionProfiles/Project_Default.xml
119 silly gunzTarPerm modified mode [ '.idea/inspectionProfiles/Project_Default.xml', 438, 420 ]
120 silly gunzTarPerm extractEntry .idea/inspectionProfiles/profiles_settings.xml
121 silly gunzTarPerm modified mode [ '.idea/inspectionProfiles/profiles_settings.xml', 438, 420 ]
122 silly gunzTarPerm extractEntry .idea/misc.xml
123 silly gunzTarPerm modified mode [ '.idea/misc.xml', 438, 420 ]
124 silly gunzTarPerm extractEntry .idea/modules.xml
125 silly gunzTarPerm modified mode [ '.idea/modules.xml', 438, 420 ]
126 silly gunzTarPerm extractEntry .idea/node-tesseract.iml
127 silly gunzTarPerm modified mode [ '.idea/node-tesseract.iml', 438, 420 ]
128 silly gunzTarPerm extractEntry .idea/scopes/scope_settings.xml
129 silly gunzTarPerm modified mode [ '.idea/scopes/scope_settings.xml', 438, 420 ]
130 silly gunzTarPerm extractEntry .idea/vcs.xml
131 silly gunzTarPerm modified mode [ '.idea/vcs.xml', 438, 420 ]
132 silly gunzTarPerm extractEntry .idea/workspace.xml
133 silly gunzTarPerm modified mode [ '.idea/workspace.xml', 438, 420 ]
134 silly gunzTarPerm extractEntry INSTALL
135 silly gunzTarPerm modified mode [ 'INSTALL', 438, 420 ]
136 silly gunzTarPerm extractEntry binding.gyp
137 silly gunzTarPerm modified mode [ 'binding.gyp', 438, 420 ]
138 silly gunzTarPerm extractEntry lib/tesseract.js
139 silly gunzTarPerm modified mode [ 'lib/tesseract.js', 438, 420 ]
140 silly gunzTarPerm extractEntry src/leptonica_pix.cc
141 silly gunzTarPerm modified mode [ 'src/leptonica_pix.cc', 438, 420 ]
142 silly gunzTarPerm extractEntry src/leptonica_pix.h
143 silly gunzTarPerm modified mode [ 'src/leptonica_pix.h', 438, 420 ]
144 silly gunzTarPerm extractEntry src/tesseract_baseapi.cc
145 silly gunzTarPerm modified mode [ 'src/tesseract_baseapi.cc', 438, 420 ]
146 silly gunzTarPerm extractEntry src/tesseract_baseapi.h
147 silly gunzTarPerm modified mode [ 'src/tesseract_baseapi.h', 438, 420 ]
148 silly gunzTarPerm extractEntry src/tesseract_bindings.cc
149 silly gunzTarPerm modified mode [ 'src/tesseract_bindings.cc', 438, 420 ]
150 silly gunzTarPerm extractEntry src/tesseract_bindings.h
151 silly gunzTarPerm modified mode [ 'src/tesseract_bindings.h', 438, 420 ]
152 silly gentlyRm /Users/DanielGraaf/Hackathon/Plaats/node_modules/.staging/tesseract-d9eb0baa/node_modules is being purged
153 verbose gentlyRm don't care about contents; nuking /Users/DanielGraaf/Hackathon/Plaats/node_modules/.staging/tesseract-d9eb0baa/node_modules
154 silly doParallel preinstall 1
155 silly preinstall tesseract@0.0.3 /Users/DanielGraaf/Hackathon/Plaats/node_modules/.staging/tesseract-d9eb0baa
156 info lifecycle tesseract@0.0.3~preinstall: tesseract@0.0.3
157 silly lifecycle tesseract@0.0.3~preinstall: no script for preinstall, continuing
158 silly doReverseSerial remove 0
159 silly doSerial move 0
160 silly doSerial finalize 1
161 silly finalize /Users/DanielGraaf/Hackathon/Plaats/node_modules/tesseract
162 silly doSerial build 1
163 silly build tesseract@0.0.3
164 info linkStuff tesseract@0.0.3
165 silly linkStuff tesseract@0.0.3 has /Users/DanielGraaf/Hackathon/Plaats/node_modules as its parent node_modules
166 verbose linkBins tesseract@0.0.3
167 verbose linkMans tesseract@0.0.3
168 silly doSerial global-link 0
169 silly doParallel update-linked 0
170 silly doSerial install 1
171 silly install tesseract@0.0.3 /Users/DanielGraaf/Hackathon/Plaats/node_modules/.staging/tesseract-d9eb0baa
172 info lifecycle tesseract@0.0.3~install: tesseract@0.0.3
173 verbose lifecycle tesseract@0.0.3~install: unsafe-perm in lifecycle true
174 verbose lifecycle tesseract@0.0.3~install: PATH: /Users/DanielGraaf/.nvm/versions/node/v6.7.0/lib/node_modules/npm/bin/node-gyp-bin:/Users/DanielGraaf/Hackathon/Plaats/node_modules/tesseract/node_modules/.bin:/Users/DanielGraaf/Hackathon/Plaats/node_modules/.bin:/Users/DanielGraaf/.nvm/versions/node/v6.7.0/bin:/Users/DanielGraaf/.nvm/versions/node/v6.7.0/bin:/Library/Frameworks/Python.framework/Versions/3.4/bin:/Library/Frameworks/Python.framework/Versions/2.7/bin:/usr/local/bin:/usr/bin:/bin:/usr/sbin:/sbin:/opt/X11/bin:/usr/local/share/dotnet:/usr/local/git/bin:/usr/texbin
175 verbose lifecycle tesseract@0.0.3~install: CWD: /Users/DanielGraaf/Hackathon/Plaats/node_modules/tesseract
176 silly lifecycle tesseract@0.0.3~install: Args: [ '-c', 'node-gyp rebuild' ]
177 silly lifecycle tesseract@0.0.3~install: Returned: code: 1  signal: null
178 info lifecycle tesseract@0.0.3~install: Failed to exec install script
179 verbose unlock done using /Users/DanielGraaf/.npm/_locks/staging-61fa6fa0bb70793b.lock for /Users/DanielGraaf/Hackathon/Plaats/node_modules/.staging
180 silly rollbackFailedOptional Starting
181 silly rollbackFailedOptional Finishing
182 silly runTopLevelLifecycles Starting
183 silly runTopLevelLifecycles Finishing
184 silly install printInstalled
185 warn mean-demo@0.0.1 No description
186 warn mean-demo@0.0.1 No repository field.
187 warn mean-demo@0.0.1 No license field.
188 verbose stack Error: tesseract@0.0.3 install: `node-gyp rebuild`
188 verbose stack Exit status 1
188 verbose stack     at EventEmitter.<anonymous> (/Users/DanielGraaf/.nvm/versions/node/v6.7.0/lib/node_modules/npm/lib/utils/lifecycle.js:242:16)
188 verbose stack     at emitTwo (events.js:106:13)
188 verbose stack     at EventEmitter.emit (events.js:191:7)
188 verbose stack     at ChildProcess.<anonymous> (/Users/DanielGraaf/.nvm/versions/node/v6.7.0/lib/node_modules/npm/lib/utils/spawn.js:40:14)
188 verbose stack     at emitTwo (events.js:106:13)
188 verbose stack     at ChildProcess.emit (events.js:191:7)
188 verbose stack     at maybeClose (internal/child_process.js:877:16)
188 verbose stack     at Process.ChildProcess._handle.onexit (internal/child_process.js:226:5)
189 verbose pkgid tesseract@0.0.3
190 verbose cwd /Users/DanielGraaf/Hackathon/Plaats
191 error Darwin 14.5.0
192 error argv "/Users/DanielGraaf/.nvm/versions/node/v6.7.0/bin/node" "/Users/DanielGraaf/.nvm/versions/node/v6.7.0/bin/npm" "install" "--save" "tesseract"
193 error node v6.7.0
194 error npm  v3.10.3
195 error code ELIFECYCLE
196 error tesseract@0.0.3 install: `node-gyp rebuild`
196 error Exit status 1
197 error Failed at the tesseract@0.0.3 install script 'node-gyp rebuild'.
197 error Make sure you have the latest version of node.js and npm installed.
197 error If you do, this is most likely a problem with the tesseract package,
197 error not with npm itself.
197 error Tell the author that this fails on your system:
197 error     node-gyp rebuild
197 error You can get information on how to open an issue for this project with:
197 error     npm bugs tesseract
197 error Or if that isn't available, you can get their info via:
197 error     npm owner ls tesseract
197 error There is likely additional logging output above.
198 verbose exit [ 1, true ]
